<?xml version="1.0" encoding="UTF-8"?>
<testng-results ignored="0" total="1" passed="1" failed="0" skipped="0">
  <reporter-output>
  </reporter-output>
  <suite started-at="2022-05-18T22:44:04 CST" name="Default suite" finished-at="2022-05-18T22:44:29 CST" duration-ms="24740">
    <groups>
    </groups>
    <test started-at="2022-05-18T22:44:04 CST" name="Default test" finished-at="2022-05-18T22:44:29 CST" duration-ms="24740">
      <class name="TestCases.CheckoutOrder">
        <test-method is-config="true" signature="beforeClass()[pri:0, instance:TestCases.CheckoutOrder@23c30a20]" started-at="2022-05-18T22:44:04 CST" name="beforeClass" finished-at="2022-05-18T22:44:04 CST" duration-ms="14" status="PASS">
          <reporter-output>
          </reporter-output>
        </test-method> <!-- beforeClass -->
        <test-method is-config="true" signature="beforeTest()[pri:0, instance:TestCases.CheckoutOrder@23c30a20]" started-at="2022-05-18T22:44:05 CST" name="beforeTest" finished-at="2022-05-18T22:44:14 CST" duration-ms="9363" status="PASS">
          <reporter-output>
          </reporter-output>
        </test-method> <!-- beforeTest -->
        <test-method signature="TestCaseCheckoutOrder()[pri:0, instance:TestCases.CheckoutOrder@23c30a20]" started-at="2022-05-18T22:44:14 CST" name="TestCaseCheckoutOrder" finished-at="2022-05-18T22:44:29 CST" duration-ms="15278" status="PASS">
          <reporter-output>
          </reporter-output>
        </test-method> <!-- TestCaseCheckoutOrder -->
        <test-method is-config="true" signature="afterTest()[pri:0, instance:TestCases.CheckoutOrder@23c30a20]" started-at="2022-05-18T22:44:29 CST" name="afterTest" finished-at="2022-05-18T22:44:29 CST" duration-ms="0" status="PASS">
          <reporter-output>
          </reporter-output>
        </test-method> <!-- afterTest -->
        <test-method is-config="true" signature="afterClass()[pri:0, instance:TestCases.CheckoutOrder@23c30a20]" started-at="2022-05-18T22:44:29 CST" name="afterClass" finished-at="2022-05-18T22:44:29 CST" duration-ms="0" status="PASS">
          <reporter-output>
          </reporter-output>
        </test-method> <!-- afterClass -->
      </class> <!-- TestCases.CheckoutOrder -->
    </test> <!-- Default test -->
  </suite> <!-- Default suite -->
</testng-results>
