<?xml version="1.0" encoding="UTF-8"?>
<!-- Generated by org.testng.reporters.JUnitXMLReporter -->
<testsuite ignored="3" hostname="GUS-LV" failures="0" tests="3" name="Pruebas Registro" time="62.149" errors="0" timestamp="2022-05-20T12:33:41 CST">
  <testcase classname="TestCases.Auth" name="TestCaseRegisterSuccess" time="13.793"/>
  <testcase classname="TestCases.Auth" name="TestCaseRegisterRepeatedEmail" time="13.56"/>
  <testcase classname="TestCases.Auth" name="TestCaseRegisterWithoutPrivacyPolicy" time="9.827"/>
  <testcase classname="TestCases.Auth" name="TestCaseLogout" time="0.0">
    <ignored/>
  </testcase> <!-- TestCaseLogout -->
  <testcase classname="TestCases.Auth" name="TestCaseLoginIncorrect" time="0.0">
    <ignored/>
  </testcase> <!-- TestCaseLoginIncorrect -->
  <testcase classname="TestCases.Auth" name="TestCaseLoginSuccess" time="0.0">
    <ignored/>
  </testcase> <!-- TestCaseLoginSuccess -->
</testsuite> <!-- Pruebas Registro -->
