<?xml version="1.0" encoding="UTF-8"?>
<!-- Generated by org.testng.reporters.JUnitXMLReporter -->
<testsuite ignored="4" hostname="GUS-LV" failures="0" tests="1" name="Pruebas Validar Orden" time="0.039" errors="0" timestamp="2022-05-20T12:33:41 CST">
  <testcase classname="TestCases.CheckoutOrder" name="@BeforeMethod beforeTest" time="-1.653071621525E9">
    <failure type="org.testng.TestNGException" message="
Parameter &amp;apos;browser&amp;apos; is required by BeforeMethod on method beforeTest but has not been marked @Optional or defined
in C:\Users\gusfc\eclipse-workspace\Git\ProyectoPSO04\ProjectPSO04\suite.xml">
      <![CDATA[org.testng.TestNGException: 
Parameter 'browser' is required by BeforeMethod on method beforeTest but has not been marked @Optional or defined
in C:\Users\gusfc\eclipse-workspace\Git\ProyectoPSO04\ProjectPSO04\suite.xml
at java.base/java.util.ArrayList.forEach(ArrayList.java:1511)
... Removed 28 stack frames]]>
    </failure>
  </testcase> <!-- @BeforeMethod beforeTest -->
  <testcase classname="TestCases.CheckoutOrder" name="@AfterMethod afterTest" time="0.0">
    <skipped/>
  </testcase> <!-- @AfterMethod afterTest -->
  <testcase classname="TestCases.CheckoutOrder" name="@AfterClass afterClass" time="0.0">
    <skipped/>
  </testcase> <!-- @AfterClass afterClass -->
  <testcase classname="TestCases.CheckoutOrder" name="TestCaseCheckoutOrder" time="0.0">
    <skipped/>
  </testcase> <!-- TestCaseCheckoutOrder -->
  <testcase classname="TestCases.CheckoutOrder" name="TestAddCart3" time="0.0">
    <ignored/>
  </testcase> <!-- TestAddCart3 -->
  <testcase classname="TestCases.CheckoutOrder" name="TestAddCart1" time="0.0">
    <ignored/>
  </testcase> <!-- TestAddCart1 -->
  <testcase classname="TestCases.CheckoutOrder" name="TestCaseCheckoutOrderAddNewAddres" time="0.0">
    <ignored/>
  </testcase> <!-- TestCaseCheckoutOrderAddNewAddres -->
  <testcase classname="TestCases.CheckoutOrder" name="TestAddCart2" time="0.0">
    <ignored/>
  </testcase> <!-- TestAddCart2 -->
</testsuite> <!-- Pruebas Validar Orden -->
