<?xml version="1.0" encoding="UTF-8"?>
<!-- Generated by org.testng.reporters.JUnitXMLReporter -->
<testsuite ignored="4" hostname="GUS-LV" failures="0" tests="1" name="Pruebas Validar Orden" time="21.894" errors="0" timestamp="2022-05-20T12:58:19 CST">
  <testcase classname="TestCases.CheckoutOrder" name="TestCaseCheckoutOrder" time="14.675"/>
  <testcase classname="TestCases.CheckoutOrder" name="TestAddCart3" time="0.0">
    <ignored/>
  </testcase> <!-- TestAddCart3 -->
  <testcase classname="TestCases.CheckoutOrder" name="TestAddCart1" time="0.0">
    <ignored/>
  </testcase> <!-- TestAddCart1 -->
  <testcase classname="TestCases.CheckoutOrder" name="TestCaseCheckoutOrderAddNewAddres" time="0.0">
    <ignored/>
  </testcase> <!-- TestCaseCheckoutOrderAddNewAddres -->
  <testcase classname="TestCases.CheckoutOrder" name="TestAddCart2" time="0.0">
    <ignored/>
  </testcase> <!-- TestAddCart2 -->
</testsuite> <!-- Pruebas Validar Orden -->
