<?xml version="1.0" encoding="UTF-8"?>
<!-- Generated by org.testng.reporters.JUnitXMLReporter -->
<testsuite ignored="0" hostname="GUS-LV" failures="0" tests="3" name="Pruebas Busqueda" time="36.238" errors="0" timestamp="2022-05-20T12:58:55 CST">
  <testcase classname="TestCases.SearchProduct" name="TestCaseSearchChangeCriteria" time="11.075"/>
  <testcase classname="TestCases.SearchProduct" name="TestCaseSearchProductExist" time="2.061"/>
  <testcase classname="TestCases.SearchProduct" name="TestCaseSearchProductNotExist" time="3.457"/>
</testsuite> <!-- Pruebas Busqueda -->
