<?xml version="1.0" encoding="UTF-8"?>
<!-- Generated by org.testng.reporters.JUnitXMLReporter -->
<testsuite ignored="4" hostname="GUS-LV" failures="0" tests="2" name="Pruebas Pagina Principal - Verificar Productos" time="25.131" errors="0" timestamp="2022-05-21T08:44:32 CST">
  <testcase classname="TestCases.ProductHomePage" name="TestCaseSelectCurrency" time="4.024"/>
  <testcase classname="TestCases.ProductHomePage" name="TestCaseProductAddToCart" time="4.044"/>
  <testcase classname="TestCases.ProductHomePage" name="TestCaseValidateProduct" time="0.0">
    <ignored/>
  </testcase> <!-- TestCaseValidateProduct -->
  <testcase classname="TestCases.ProductHomePage" name="TestCaseProductAddToWishList" time="0.0">
    <ignored/>
  </testcase> <!-- TestCaseProductAddToWishList -->
  <testcase classname="TestCases.ProductHomePage" name="TestCaseValidateProductNotExist" time="0.0">
    <ignored/>
  </testcase> <!-- TestCaseValidateProductNotExist -->
  <testcase classname="TestCases.ProductHomePage" name="TestCaseProductAddToCompare" time="0.0">
    <ignored/>
  </testcase> <!-- TestCaseProductAddToCompare -->
</testsuite> <!-- Pruebas Pagina Principal - Verificar Productos -->
