<?xml version="1.0" encoding="UTF-8"?>
<!-- Generated by org.testng.reporters.JUnitXMLReporter -->
<testsuite ignored="1" hostname="GUS-LV" failures="0" tests="1" name="Pruebas Validar Orden" time="30.032" errors="0" timestamp="2022-05-20T22:44:39 CST">
  <testcase classname="TestCases.CheckoutOrder" name="TestCaseCheckoutOrderAddNewAddress" time="19.73"/>
  <testcase classname="TestCases.CheckoutOrder" name="TestCaseCheckoutOrder" time="0.0">
    <ignored/>
  </testcase> <!-- TestCaseCheckoutOrder -->
</testsuite> <!-- Pruebas Validar Orden -->
