<?xml version="1.0" encoding="UTF-8"?>
<!-- Generated by org.testng.reporters.JUnitXMLReporter -->
<testsuite ignored="4" hostname="GUS-LV" failures="0" tests="4" name="Pruebas Registro" time="103.258" errors="0" timestamp="2022-05-20T22:38:29 CST">
  <testcase classname="TestCases.Auth" name="TestCaseOptionRegister" time="7.721"/>
  <testcase classname="TestCases.Auth" name="TestCaseRegisterWithoutPrivacyPolicy" time="11.377"/>
  <testcase classname="TestCases.Auth" name="TestCaseRegisterSuccess" time="19.041"/>
  <testcase classname="TestCases.Auth" name="TestCaseRegisterRepeatedEmail" time="14.552"/>
  <testcase classname="TestCases.Auth" name="TestCaseLoginSuccess" time="0.0">
    <ignored/>
  </testcase> <!-- TestCaseLoginSuccess -->
  <testcase classname="TestCases.Auth" name="TestCaseLogout" time="0.0">
    <ignored/>
  </testcase> <!-- TestCaseLogout -->
  <testcase classname="TestCases.Auth" name="TestCaseOptionLogin" time="0.0">
    <ignored/>
  </testcase> <!-- TestCaseOptionLogin -->
  <testcase classname="TestCases.Auth" name="TestCaseLoginIncorrect" time="0.0">
    <ignored/>
  </testcase> <!-- TestCaseLoginIncorrect -->
</testsuite> <!-- Pruebas Registro -->
