<?xml version="1.0" encoding="UTF-8"?>
<!-- Generated by org.testng.reporters.JUnitXMLReporter -->
<testsuite ignored="4" hostname="GUS-LV" failures="0" tests="4" name="Pruebas Iniciar Sesion" time="63.914" errors="0" timestamp="2022-05-20T22:39:33 CST">
  <testcase classname="TestCases.Auth" name="TestCaseOptionLogin" time="3.831"/>
  <testcase classname="TestCases.Auth" name="TestCaseLoginIncorrect" time="6.035"/>
  <testcase classname="TestCases.Auth" name="TestCaseLoginSuccess" time="6.468"/>
  <testcase classname="TestCases.Auth" name="TestCaseLogout" time="11.11"/>
  <testcase classname="TestCases.Auth" name="TestCaseRegisterSuccess" time="0.0">
    <ignored/>
  </testcase> <!-- TestCaseRegisterSuccess -->
  <testcase classname="TestCases.Auth" name="TestCaseRegisterWithoutPrivacyPolicy" time="0.0">
    <ignored/>
  </testcase> <!-- TestCaseRegisterWithoutPrivacyPolicy -->
  <testcase classname="TestCases.Auth" name="TestCaseOptionRegister" time="0.0">
    <ignored/>
  </testcase> <!-- TestCaseOptionRegister -->
  <testcase classname="TestCases.Auth" name="TestCaseRegisterRepeatedEmail" time="0.0">
    <ignored/>
  </testcase> <!-- TestCaseRegisterRepeatedEmail -->
</testsuite> <!-- Pruebas Iniciar Sesion -->
