<?xml version="1.0" encoding="UTF-8"?>
<!-- Generated by org.testng.reporters.JUnitXMLReporter -->
<testsuite ignored="0" hostname="GUS-LV" failures="0" tests="6" name="Pruebas Pagina Principal - Verificar Productos" time="66.026" errors="0" timestamp="2022-05-20T22:40:39 CST">
  <testcase classname="TestCases.ProductHomePage" name="TestCaseValidateProduct" time="1.13"/>
  <testcase classname="TestCases.ProductHomePage" name="TestCaseValidateProductNotExist" time="1.126"/>
  <testcase classname="TestCases.ProductHomePage" name="TestCaseSelectCurrency" time="3.759"/>
  <testcase classname="TestCases.ProductHomePage" name="TestCaseProductAddToCart" time="3.828"/>
  <testcase classname="TestCases.ProductHomePage" name="TestCaseProductAddToWishList" time="3.848"/>
  <testcase classname="TestCases.ProductHomePage" name="TestCaseProductAddToCompare" time="3.949"/>
</testsuite> <!-- Pruebas Pagina Principal - Verificar Productos -->
