<?xml version="1.0" encoding="UTF-8"?>
<!-- Generated by org.testng.reporters.JUnitXMLReporter -->
<testsuite ignored="3" hostname="GUS-LV" failures="0" tests="3" name="Pruebas Registro" time="66.679" errors="0" timestamp="2022-05-20T12:57:15 CST">
  <testcase classname="TestCases.Auth" name="TestCaseRegisterSuccess" time="15.413"/>
  <testcase classname="TestCases.Auth" name="TestCaseRegisterRepeatedEmail" time="14.4"/>
  <testcase classname="TestCases.Auth" name="TestCaseRegisterWithoutPrivacyPolicy" time="9.754"/>
  <testcase classname="TestCases.Auth" name="TestCaseLogout" time="0.0">
    <ignored/>
  </testcase> <!-- TestCaseLogout -->
  <testcase classname="TestCases.Auth" name="TestCaseLoginIncorrect" time="0.0">
    <ignored/>
  </testcase> <!-- TestCaseLoginIncorrect -->
  <testcase classname="TestCases.Auth" name="TestCaseLoginSuccess" time="0.0">
    <ignored/>
  </testcase> <!-- TestCaseLoginSuccess -->
</testsuite> <!-- Pruebas Registro -->
