<?xml version="1.0" encoding="UTF-8"?>
<!-- Generated by org.testng.reporters.JUnitXMLReporter -->
<testsuite ignored="0" hostname="GUS-LV" failures="0" tests="3" name="Pruebas Busqueda" time="43.355" errors="0" timestamp="2022-05-20T22:41:22 CST">
  <testcase classname="TestCases.SearchProduct" name="TestCaseSearchProductExist" time="3.222"/>
  <testcase classname="TestCases.SearchProduct" name="TestCaseSearchChangeCriteria" time="10.984"/>
  <testcase classname="TestCases.SearchProduct" name="TestCaseSearchProductNotExist" time="3.545"/>
</testsuite> <!-- Pruebas Busqueda -->
