<?xml version="1.0" encoding="UTF-8"?>
<!-- Generated by org.testng.reporters.JUnitXMLReporter -->
<testsuite ignored="0" hostname="GUS-LV" failures="0" tests="3" name="Pruebas Busqueda" time="24.546" errors="0" timestamp="2022-06-15T22:31:27 CST">
  <testcase classname="TestCases.SearchProduct" name="TestCaseSearchProductExist" time="3.012"/>
  <testcase classname="TestCases.SearchProduct" name="TestCaseSearchChangeCriteria" time="7.868"/>
  <testcase classname="TestCases.SearchProduct" name="TestCaseSearchProductNotExist" time="3.511"/>
</testsuite> <!-- Pruebas Busqueda -->
