<?xml version="1.0" encoding="UTF-8"?>
<!-- Generated by org.testng.reporters.JUnitXMLReporter -->
<testsuite ignored="4" hostname="GUS-LV" failures="0" tests="4" name="Pruebas Registro" time="25.806" errors="0" timestamp="2022-06-15T22:30:23 CST">
  <testcase classname="TestCases.Auth" name="TestCaseOptionRegister" time="2.346"/>
  <testcase classname="TestCases.Auth" name="TestCaseRegisterWithoutPrivacyPolicy" time="3.233"/>
  <testcase classname="TestCases.Auth" name="TestCaseRegisterSuccess" time="6.52"/>
  <testcase classname="TestCases.Auth" name="TestCaseRegisterRepeatedEmail" time="2.976"/>
  <testcase classname="TestCases.Auth" name="TestCaseLoginSuccess" time="0.0">
    <ignored/>
  </testcase> <!-- TestCaseLoginSuccess -->
  <testcase classname="TestCases.Auth" name="TestCaseLogout" time="0.0">
    <ignored/>
  </testcase> <!-- TestCaseLogout -->
  <testcase classname="TestCases.Auth" name="TestCaseLoginIncorrect" time="0.0">
    <ignored/>
  </testcase> <!-- TestCaseLoginIncorrect -->
  <testcase classname="TestCases.Auth" name="TestCaseOptionLogin" time="0.0">
    <ignored/>
  </testcase> <!-- TestCaseOptionLogin -->
</testsuite> <!-- Pruebas Registro -->
