<?xml version="1.0" encoding="UTF-8"?>
<!-- Generated by org.testng.reporters.JUnitXMLReporter -->
<testsuite ignored="1" hostname="GUS-LV" failures="0" tests="2" name="Pruebas Busqueda" time="29.776" errors="0" timestamp="2022-06-17T22:10:03 CST">
  <testcase classname="TestCases.SearchProduct" name="TestCaseSearchChangeCriteria" time="13.166"/>
  <testcase classname="TestCases.SearchProduct" name="TestCaseSearchProductNotExist" time="4.165"/>
  <testcase classname="TestCases.SearchProduct" name="TestCaseSearchProductExist" time="0.0">
    <ignored/>
  </testcase> <!-- TestCaseSearchProductExist -->
</testsuite> <!-- Pruebas Busqueda -->
