<?xml version="1.0" encoding="UTF-8"?>
<!-- Generated by org.testng.reporters.JUnitXMLReporter -->
<testsuite ignored="0" hostname="GUS-LV" failures="0" tests="2" name="Pruebas Validar Orden" time="36.726" errors="0" timestamp="2022-06-17T23:12:21 CST">
  <testcase classname="TestCases.CheckoutOrder" name="TestCaseCheckoutOrder" time="13.312"/>
  <testcase classname="TestCases.CheckoutOrder" name="TestCaseCheckoutOrderAddNewAddress" time="14.404"/>
</testsuite> <!-- Pruebas Validar Orden -->
