<?xml version="1.0" encoding="UTF-8"?>
<!-- Generated by org.testng.reporters.JUnitXMLReporter -->
<testsuite ignored="4" hostname="GUS-LV" failures="0" tests="4" name="Pruebas Iniciar Sesion" time="28.443" errors="0" timestamp="2022-06-17T23:11:44 CST">
  <testcase classname="TestCases.Auth" name="TestCaseOptionLogin" time="1.669"/>
  <testcase classname="TestCases.Auth" name="TestCaseLoginIncorrect" time="3.568"/>
  <testcase classname="TestCases.Auth" name="TestCaseLoginSuccess" time="6.43"/>
  <testcase classname="TestCases.Auth" name="TestCaseLogout" time="6.531"/>
  <testcase classname="TestCases.Auth" name="TestCaseRegisterWithoutPrivacyPolicy" time="0.0">
    <ignored/>
  </testcase> <!-- TestCaseRegisterWithoutPrivacyPolicy -->
  <testcase classname="TestCases.Auth" name="TestCaseRegisterSuccess" time="0.0">
    <ignored/>
  </testcase> <!-- TestCaseRegisterSuccess -->
  <testcase classname="TestCases.Auth" name="TestCaseRegisterRepeatedEmail" time="0.0">
    <ignored/>
  </testcase> <!-- TestCaseRegisterRepeatedEmail -->
  <testcase classname="TestCases.Auth" name="TestCaseOptionRegister" time="0.0">
    <ignored/>
  </testcase> <!-- TestCaseOptionRegister -->
</testsuite> <!-- Pruebas Iniciar Sesion -->
