<?xml version="1.0" encoding="UTF-8"?>
<!-- Generated by org.testng.reporters.JUnitXMLReporter -->
<testsuite ignored="0" hostname="GUS-LV" failures="0" tests="6" name="Pruebas Pagina Principal - Verificar Productos" time="21.103" errors="0" timestamp="2022-06-17T23:12:42 CST">
  <testcase classname="TestCases.ProductHomePage" name="TestCaseValidateProduct" time="0.725"/>
  <testcase classname="TestCases.ProductHomePage" name="TestCaseValidateProductNotExist" time="0.67"/>
  <testcase classname="TestCases.ProductHomePage" name="TestCaseSelectCurrency" time="2.935"/>
  <testcase classname="TestCases.ProductHomePage" name="TestCaseProductAddToCart" time="1.774"/>
  <testcase classname="TestCases.ProductHomePage" name="TestCaseProductAddToWishList" time="1.912"/>
  <testcase classname="TestCases.ProductHomePage" name="TestCaseProductAddToCompare" time="2.063"/>
</testsuite> <!-- Pruebas Pagina Principal - Verificar Productos -->
