<?xml version="1.0" encoding="UTF-8"?>
<!-- Generated by org.testng.reporters.JUnitXMLReporter -->
<testsuite ignored="6" hostname="DESKTOP-5B1712L" failures="0" tests="2" name="Pruebas Iniciar Sesion" time="8.843" errors="0" timestamp="2022-06-02T18:33:22 CST">
  <testcase classname="TestCases.Auth" name="TestCaseOptionLogin" time="0.674"/>
  <testcase classname="TestCases.Auth" name="TestCaseLoginSuccess" time="3.098"/>
  <testcase classname="TestCases.Auth" name="TestCaseLogout" time="0.0">
    <ignored/>
  </testcase> <!-- TestCaseLogout -->
  <testcase classname="TestCases.Auth" name="TestCaseOptionRegister" time="0.0">
    <ignored/>
  </testcase> <!-- TestCaseOptionRegister -->
  <testcase classname="TestCases.Auth" name="TestCaseLoginIncorrect" time="0.0">
    <ignored/>
  </testcase> <!-- TestCaseLoginIncorrect -->
  <testcase classname="TestCases.Auth" name="TestCaseRegisterRepeatedEmail" time="0.0">
    <ignored/>
  </testcase> <!-- TestCaseRegisterRepeatedEmail -->
  <testcase classname="TestCases.Auth" name="TestCaseRegisterWithoutPrivacyPolicy" time="0.0">
    <ignored/>
  </testcase> <!-- TestCaseRegisterWithoutPrivacyPolicy -->
  <testcase classname="TestCases.Auth" name="TestCaseRegisterSuccess" time="0.0">
    <ignored/>
  </testcase> <!-- TestCaseRegisterSuccess -->
</testsuite> <!-- Pruebas Iniciar Sesion -->
