<?xml version="1.0" encoding="UTF-8"?>
<!-- Generated by org.testng.reporters.JUnitXMLReporter -->
<testsuite ignored="0" hostname="GUS-LV" failures="0" tests="6" name="Pruebas Pagina Principal - Verificar Productos" time="12.179" errors="0" timestamp="2022-05-24T01:53:44 CST">
  <testcase classname="TestCases.ProductHomePage" name="TestCaseValidateProduct" time="0.13"/>
  <testcase classname="TestCases.ProductHomePage" name="TestCaseValidateProductNotExist" time="0.116"/>
  <testcase classname="TestCases.ProductHomePage" name="TestCaseSelectCurrency" time="1.224"/>
  <testcase classname="TestCases.ProductHomePage" name="TestCaseProductAddToCart" time="0.649"/>
  <testcase classname="TestCases.ProductHomePage" name="TestCaseProductAddToWishList" time="0.802"/>
  <testcase classname="TestCases.ProductHomePage" name="TestCaseProductAddToCompare" time="0.591"/>
</testsuite> <!-- Pruebas Pagina Principal - Verificar Productos -->
