<?xml version="1.0" encoding="UTF-8"?>
<!-- Generated by org.testng.reporters.JUnitXMLReporter -->
<testsuite ignored="0" hostname="GUS-LV" failures="0" tests="2" name="Pruebas Validar Orden" time="28.092" errors="0" timestamp="2022-06-15T22:31:55 CST">
  <testcase classname="TestCases.CheckoutOrder" name="TestCaseCheckoutOrder" time="9.457"/>
  <testcase classname="TestCases.CheckoutOrder" name="TestCaseCheckoutOrderAddNewAddress" time="11.101"/>
</testsuite> <!-- Pruebas Validar Orden -->
