<?xml version="1.0" encoding="UTF-8"?>
<!-- Generated by org.testng.reporters.JUnitXMLReporter -->
<testsuite ignored="4" hostname="GUS-LV" failures="0" tests="4" name="Pruebas Registro" time="50.028" errors="0" timestamp="2022-06-16T10:27:55 CST">
  <testcase classname="TestCases.Auth" name="TestCaseOptionRegister" time="4.85"/>
  <testcase classname="TestCases.Auth" name="TestCaseRegisterWithoutPrivacyPolicy" time="10.551"/>
  <testcase classname="TestCases.Auth" name="TestCaseRegisterSuccess" time="9.561"/>
  <testcase classname="TestCases.Auth" name="TestCaseRegisterRepeatedEmail" time="4.234"/>
  <testcase classname="TestCases.Auth" name="TestCaseLogout" time="0.0">
    <ignored/>
  </testcase> <!-- TestCaseLogout -->
  <testcase classname="TestCases.Auth" name="TestCaseLoginIncorrect" time="0.0">
    <ignored/>
  </testcase> <!-- TestCaseLoginIncorrect -->
  <testcase classname="TestCases.Auth" name="TestCaseOptionLogin" time="0.0">
    <ignored/>
  </testcase> <!-- TestCaseOptionLogin -->
  <testcase classname="TestCases.Auth" name="TestCaseLoginSuccess" time="0.0">
    <ignored/>
  </testcase> <!-- TestCaseLoginSuccess -->
</testsuite> <!-- Pruebas Registro -->
